<?xml version="1.0" encoding="UTF-8"?>
<testng-results ignored="0" total="1" passed="1" failed="0" skipped="0">
  <reporter-output>
  </reporter-output>
  <suite started-at="2022-08-16T15:57:40 IST" name="Suite" finished-at="2022-08-16T15:58:05 IST" duration-ms="24174">
    <groups>
      <group name="cucumber">
        <method signature="TestNgRunner.runScenario(io.cucumber.testng.PickleWrapper,io.cucumber.testng.FeatureWrapper)[pri:0, instance:com.TestRunner.TestNgRunner@6034e75d]" name="runScenario" class="com.TestRunner.TestNgRunner"/>
      </group> <!-- cucumber -->
    </groups>
    <test started-at="2022-08-16T15:57:40 IST" name="Test" finished-at="2022-08-16T15:58:05 IST" duration-ms="24174">
      <class name="com.TestRunner.TestNgRunner">
        <test-method is-config="true" signature="setUpClass()[pri:0, instance:com.TestRunner.TestNgRunner@6034e75d]" started-at="2022-08-16T15:57:40 IST" name="setUpClass" finished-at="2022-08-16T15:57:41 IST" duration-ms="732" status="PASS">
          <reporter-output>
          </reporter-output>
        </test-method> <!-- setUpClass -->
        <test-method signature="runScenario(io.cucumber.testng.PickleWrapper,io.cucumber.testng.FeatureWrapper)[pri:0, instance:com.TestRunner.TestNgRunner@6034e75d]" started-at="2022-08-16T15:57:41 IST" name="runScenario" description="Runs Cucumber Scenarios" data-provider="scenarios" finished-at="2022-08-16T15:58:01 IST" duration-ms="20196" status="PASS">
          <params>
            <param index="0">
              <value>
                <![CDATA["application launch with defferent url"]]>
              </value>
            </param>
            <param index="1">
              <value>
                <![CDATA["Optional[Login AirAsia Application]"]]>
              </value>
            </param>
          </params>
          <reporter-output>
          </reporter-output>
        </test-method> <!-- runScenario -->
        <test-method is-config="true" signature="tearDownClass()[pri:0, instance:com.TestRunner.TestNgRunner@6034e75d]" started-at="2022-08-16T15:58:01 IST" name="tearDownClass" finished-at="2022-08-16T15:58:05 IST" duration-ms="3209" status="PASS">
          <reporter-output>
          </reporter-output>
        </test-method> <!-- tearDownClass -->
      </class> <!-- com.TestRunner.TestNgRunner -->
    </test> <!-- Test -->
  </suite> <!-- Suite -->
</testng-results>
